<?xml version="1.0" encoding="UTF-8"?>
<!-- Generated by org.testng.reporters.JUnitReportReporter -->
<testsuite hostname="IN-MH1LPW102678" failures="0" tests="6" name="org.selenium.AddToCartTest" time="48.171" errors="0" timestamp="2022-05-13T16:13:05 IST" skipped="0">
  <testcase classname="org.selenium.AddToCartTest" name="addToCartFeaturedProducts" time="7.278"/>
  <system-out/>
  <testcase classname="org.selenium.AddToCartTest" name="addToCartFeaturedProducts" time="10.834"/>
  <system-out/>
  <testcase classname="org.selenium.AddToCartTest" name="addToCartFeaturedProducts" time="6.927"/>
  <system-out/>
  <testcase classname="org.selenium.AddToCartTest" name="addToCartFeaturedProducts" time="6.833"/>
  <system-out/>
  <testcase classname="org.selenium.AddToCartTest" name="addToCartFromStorePage" time="9.615"/>
  <system-out/>
  <testcase classname="org.selenium.AddToCartTest" name="addToCartFeaturedProducts" time="6.684"/>
  <system-out/>
</testsuite> <!-- org.selenium.AddToCartTest -->
