<?xml version="1.0" encoding="UTF-8"?>
<!-- Generated by org.testng.reporters.JUnitReportReporter -->
<testsuite hostname="IN-MH1LPW102678" failures="0" tests="1" name="org.selenium.AddToCart" time="32.009" errors="0" timestamp="2022-05-02T18:24:23 IST" skipped="0">
  <testcase classname="org.selenium.AddToCart" name="addToCartFromStorePage" time="32.009"/>
  <system-out/>
</testsuite> <!-- org.selenium.AddToCart -->
