<?xml version="1.0" encoding="UTF-8"?>
<!-- Generated by org.testng.reporters.JUnitReportReporter -->
<testsuite hostname="IN-MH1LPW102678" failures="0" tests="1" name="org.selenium.SearchTest" time="10.554" errors="0" timestamp="2022-05-02T17:26:40 IST" skipped="0">
  <testcase classname="org.selenium.SearchTest" name="searchWithPartialMatch" time="10.554"/>
  <system-out/>
</testsuite> <!-- org.selenium.SearchTest -->
