<?xml version="1.0" encoding="UTF-8"?>
<!-- Generated by org.testng.reporters.JUnitReportReporter -->
<testsuite hostname="IN-MH1LPW102678" failures="0" tests="2" name="org.selenium.MyFirstTestCase" time="40.668" errors="0" timestamp="2022-05-06T18:22:18 IST" skipped="0">
  <testcase classname="org.selenium.MyFirstTestCase" name="guestCheckoutUsingDirectBankTransfer" time="27.664"/>
  <system-out/>
  <testcase classname="org.selenium.MyFirstTestCase" name="guestcheckoutusingdirectbanktransferlogin" time="13.004"/>
  <system-out/>
</testsuite> <!-- org.selenium.MyFirstTestCase -->
